<?xml version="1.0" encoding="UTF-8"?>
<testng-results ignored="0" total="2" passed="2" failed="0" skipped="0">
  <reporter-output>
  </reporter-output>
  <suite started-at="2021-10-19T17:50:52 IST" name="Default suite" finished-at="2021-10-19T17:50:52 IST" duration-ms="104">
    <groups>
      <group name="smokeTest">
        <method signature="ContactOrg.createCust()[pri:0, instance:com.contactTet.org.ContactOrg@120f102b]" name="createCust" class="com.contactTet.org.ContactOrg"/>
        <method signature="ContactOrg.editCust()[pri:0, instance:com.contactTet.org.ContactOrg@120f102b]" name="editCust" class="com.contactTet.org.ContactOrg"/>
      </group> <!-- smokeTest -->
    </groups>
    <test started-at="2021-10-19T17:50:52 IST" name="Default test" finished-at="2021-10-19T17:50:52 IST" duration-ms="104">
      <class name="com.contactTet.org.ContactOrg">
        <test-method signature="createCust()[pri:0, instance:com.contactTet.org.ContactOrg@120f102b]" started-at="2021-10-19T17:50:52 IST" name="createCust" finished-at="2021-10-19T17:50:52 IST" duration-ms="15" status="PASS">
          <reporter-output>
          </reporter-output>
        </test-method> <!-- createCust -->
        <test-method signature="editCust()[pri:0, instance:com.contactTet.org.ContactOrg@120f102b]" started-at="2021-10-19T17:50:52 IST" name="editCust" finished-at="2021-10-19T17:50:52 IST" duration-ms="3" status="PASS">
          <reporter-output>
          </reporter-output>
        </test-method> <!-- editCust -->
      </class> <!-- com.contactTet.org.ContactOrg -->
    </test> <!-- Default test -->
  </suite> <!-- Default suite -->
</testng-results>
